[
    "2.96.web1.im.weibo.com", 
    "tuan.weibo.com", 
    "hd.e.weibo.com", 
    "zymo.mps.weibo.com", 
    "f6a8e.weibo.com", 
    "hr.weibo.com", 
    "11.74.web1.im.weibo.com", 
    "14.94.web1.im.weibo.com", 
    "13.40.web1.im.weibo.com", 
    "a117www.weibo.com", 
    "10.113.web1.im.weibo.com", 
    "video.weibo.com", 
    "fuwu.weibo.com", 
    "2013.weibo.com", 
    "ba.weibo.com", 
    "13.112.web1.im.weibo.com", 
    "11.61.web1.im.weibo.com", 
    "live.weibo.com", 
    "11.109.web1.im.weibo.com", 
    "12.62.web1.im.weibo.com", 
    "14.80.web1.im.weibo.com", 
    "music.weibo.com", 
    "remind.api.weibo.com", 
    "m.tw.weibo.com", 
    "0.119.web0.im.weibo.com", 
    "hot.plaza.weibo.com", 
    "report.im.weibo.com", 
    "e10e0vent.weibo.com", 
    "zt.tv.weibo.com", 
    "3.52.web1.im.weibo.com", 
    "11.111.web1.im.weibo.com", 
    "m.travel.weibo.com", 
    "m.weibo.com", 
    "hongbao.weibo.com", 
    "2757www.weibo.com", 
    "open.weibo.com", 
    "verified.weibo.com", 
    "flashcrossdomain.mps.weibo.com", 
    "13.63.web1.im.weibo.com", 
    "media.weibo.com", 
    "zuiwuji.game.weibo.com", 
    "zhaoren.weibo.com", 
    "3.35.web1.im.weibo.com", 
    "1.54.web1.im.weibo.com", 
    "renmai.weibo.com", 
    "udc.weibo.com", 
    "netchina2013.weibo.com", 
    "1.113.web0.im.weibo.com", 
    "2.119.web0.im.weibo.com", 
    "comic.manhua.weibo.com", 
    "vdis5a0k.weibo.com", 
    "food.weibo.com", 
    "m.my.weibo.com", 
    "0.31.web1.im.weibo.com", 
    "2.113.web0.im.weibo.com", 
    "my.weibo.com", 
    "w1c20ww.weibo.com", 
    "m.yahoo.tw.weibo.com", 
    "www.widget.tw.weibo.com", 
    "th.weibo.com", 
    "ttmx.game.weibo.com", 
    "overseas.weibo.com", 
    "0.53.web1.im.weibo.com", 
    "12.73.web1.im.weibo.com", 
    "rm.api.weibo.com", 
    "2.23.web1.im.weibo.com", 
    "10e0q.weibo.com", 
    "3.50.web1.im.weibo.com", 
    "video.wcp.weibo.com", 
    "2.134.web0.im.weibo.com", 
    "wenwo.weibo.com", 
    "1.116.web0.im.weibo.com", 
    "boke.weibo.com", 
    "13.78.web1.im.weibo.com", 
    "11.75.web1.im.weibo.com", 
    "focus.weibo.com", 
    "2.31.web1.im.weibo.com", 
    "tw.weibo.com", 
    "12.78.web1.im.weibo.com", 
    "s.alitui.weibo.com", 
    "13.94.web1.im.weibo.com", 
    "11.106.web1.im.weibo.com", 
    "pay.weibo.com", 
    "netchina2014.weibo.com", 
    "14.73.web1.im.weibo.com", 
    "11.66.web1.im.weibo.com", 
    "gxq.weibo.com", 
    "hunlian.weibo.com", 
    "2d00e.weibo.com", 
    "dl.desktop.weibo.com", 
    "3.129.web0.im.weibo.com", 
    "12.102.web1.im.weibo.com", 
    "0.75.web1.im.weibo.com", 
    "test.cai.weibo.com", 
    "img.zhaopin.weibo.com", 
    "0.96.web1.im.weibo.com", 
    "2.95.web1.im.weibo.com", 
    "14.95.web1.im.weibo.com", 
    "show.weibo.com", 
    "8.weibo.com", 
    "10.78.web1.im.weibo.com", 
    "0.55.web1.im.weibo.com", 
    "12.68.web1.im.weibo.com", 
    "cover.book.weibo.com", 
    "12.65.web1.im.weibo.com", 
    "13.113.web1.im.weibo.com", 
    "sc.weibo.com", 
    "op.game.weibo.com", 
    "bang.weibo.com", 
    "14.97.web1.im.weibo.com", 
    "tvaupload.service.weibo.com", 
    "photo.weibo.com", 
    "dss.sc.weibo.com", 
    "1.47.web1.im.weibo.com", 
    "e1c20.weibo.com", 
    "admin.weibo.com", 
    "e.weibo.com", 
    "img.renmai.weibo.com", 
    "1.42.web1.im.weibo.com", 
    "10.94.web1.im.weibo.com", 
    "13.75.web1.im.weibo.com", 
    "ask.weibo.com", 
    "14.99.web1.im.weibo.com", 
    "11.40.web1.im.weibo.com", 
    "kr.weibo.com", 
    "cai.weibo.com", 
    "10.109.web1.im.weibo.com", 
    "12.109.web1.im.weibo.com", 
    "m.sg.weibo.com", 
    "12.67.web1.im.weibo.com", 
    "captcha.weibo.com", 
    "4.60.web1.im.weibo.com", 
    "14.103.web1.im.weibo.com", 
    "tobe.vip.weibo.com", 
    "0.58.web1.im.weibo.com", 
    "brand.service.weibo.com", 
    "2.56.web1.im.weibo.com", 
    "vdisk.weibo.com", 
    "11.107.web1.im.weibo.com", 
    "13.102.web1.im.weibo.com", 
    "11.94.web1.im.weibo.com", 
    "zt.vip.weibo.com", 
    "dianping.weibo.com", 
    "pl.live.weibo.com", 
    "2.40.web1.im.weibo.com", 
    "13.104.web1.im.weibo.com", 
    "api.shop.sc.weibo.com", 
    "2.36.web1.im.weibo.com", 
    "14.66.web1.im.weibo.com", 
    "13.66.web1.im.weibo.com", 
    "10.108.web1.im.weibo.com", 
    "3.42.web1.im.weibo.com", 
    "13.61.web1.im.weibo.com", 
    "3.113.web0.im.weibo.com", 
    "sports.weibo.com", 
    "c.biz.weibo.com", 
    "11.71.web1.im.weibo.com", 
    "0.33.web1.im.weibo.com", 
    "credits.weibo.com", 
    "data.weibo.com", 
    "img.tw.weibo.com", 
    "ww4920w.weibo.com", 
    "c.api.weibo.com", 
    "v21c0disk.weibo.com", 
    "sskc.game.weibo.com", 
    "10.101.web1.im.weibo.com", 
    "j.search.weibo.com", 
    "c.wcpt.biz.weibo.com", 
    "13.68.web1.im.weibo.com", 
    "0.44.web1.im.weibo.com", 
    "pop.weibo.com", 
    "new.q.weibo.com", 
    "11.105.web1.im.weibo.com", 
    "sg2.game.weibo.com", 
    "10.98.web1.im.weibo.com", 
    "share.hk.weibo.com", 
    "12.112.web1.im.weibo.com", 
    "static.book.weibo.com", 
    "c.weibo.com", 
    "11.64.web1.im.weibo.com", 
    "10.107.web1.im.weibo.com", 
    "zhaopin.weibo.com", 
    "appmonitortest.biz.weibo.com", 
    "ryyx.game.weibo.com", 
    "10.74.web1.im.weibo.com", 
    "3.33.web1.im.weibo.com", 
    "3.34.web1.im.weibo.com", 
    "2.50.web1.im.weibo.com", 
    "3.36.web1.im.weibo.com", 
    "gongyi.weibo.com", 
    "1.178.web0.im.weibo.com", 
    "eq.weibo.com", 
    "*.api.weibo.com", 
    "1.95.web1.im.weibo.com", 
    "10.68.web1.im.weibo.com", 
    "app.a.weibo.com", 
    "api.sc.weibo.com", 
    "lady.weibo.com", 
    "badge.weibo.com", 
    "2.26.web1.im.weibo.com", 
    "cn.weibo.com", 
    "3.58.web1.im.weibo.com", 
    "10.65.web1.im.weibo.com", 
    "1.36.web1.im.weibo.com", 
    "pay.sc.weibo.com", 
    "vdis4380k.weibo.com", 
    "radio2d00.weibo.com", 
    "qlz.game.weibo.com", 
    "level.account.weibo.com", 
    "book.weibo.com", 
    "13.46.web1.im.weibo.com", 
    "12.71.web1.im.weibo.com", 
    "biz.weibo.com", 
    "0.74.web1.im.weibo.com", 
    "company.verified.weibo.com", 
    "new.club.weibo.com", 
    "api.tw.weibo.com", 
    "meyou.weibo.com", 
    "api.weibo.com", 
    "11.70.web1.im.weibo.com", 
    "2.51.web1.im.weibo.com", 
    "vd3840isk.weibo.com", 
    "3.38.web1.im.weibo.com", 
    "dtszj.game.weibo.com", 
    "storage.wax.weibo.com", 
    "0.39.web1.im.weibo.com", 
    "topic.weibo.com", 
    "static.tw.weibo.com", 
    "zhifu.game.weibo.com", 
    "3.48.web1.im.weibo.com", 
    "0.47.web1.im.weibo.com", 
    "3.45.web1.im.weibo.com", 
    "v.dpool.weibo.com", 
    "px.e.weibo.com", 
    "motherday.weibo.com", 
    "2014.weibo.com", 
    "upload.api.weibo.com", 
    "jifen.sc.weibo.com", 
    "12.46.web1.im.weibo.com", 
    "app.cf.weibo.com", 
    "m.pop.tw.weibo.com", 
    "13.65.web1.im.weibo.com", 
    "12.74.web1.im.weibo.com", 
    "mall.sc.weibo.com", 
    "www.hk.weibo.com", 
    "10.61.web1.im.weibo.com", 
    "game.manhua.weibo.com", 
    "11.65.web1.im.weibo.com", 
    "widget.tw.weibo.com", 
    "e.dpool.weibo.com", 
    "1.56.web1.im.weibo.com", 
    "event.game.weibo.com", 
    "0.37.web1.im.weibo.com", 
    "10.67.web1.im.weibo.com", 
    "11.103.web1.im.weibo.com", 
    "10.80.web1.im.weibo.com", 
    "0.52.web1.im.weibo.com", 
    "2.75.web1.im.weibo.com", 
    "xueyuan.weibo.com", 
    "demo.x.weibo.com", 
    "3.47.web1.im.weibo.com", 
    "1.26.web1.im.weibo.com", 
    "n.dpool.weibo.com", 
    "2014.sc.weibo.com", 
    "2.58.web1.im.weibo.com", 
    "chart.weibo.com", 
    "*.service.weibo.com", 
    "4.42.web1.im.weibo.com", 
    "xiaoyuan.weibo.com", 
    "1.60.web1.im.weibo.com", 
    "ev2d00ent.weibo.com", 
    "1.37.web1.im.weibo.com", 
    "security.weibo.com", 
    "alitui.weibo.com", 
    "nba.weibo.com", 
    "image.game.weibo.com", 
    "0.49.web1.im.weibo.com", 
    "new.gongyi.weibo.com", 
    "weirenwu.weibo.com", 
    "11.63.web1.im.weibo.com", 
    "m.api.weibo.com", 
    "12.99.web1.im.weibo.com", 
    "a.weibo.com", 
    "me.weibo.com", 
    "1.41.web1.im.weibo.com", 
    "13.103.web1.im.weibo.com", 
    "picupload.service.weibo.com", 
    "w2760ww.weibo.com", 
    "3.26.web1.im.weibo.com", 
    "12.100.web1.im.weibo.com", 
    "13.73.web1.im.weibo.com", 
    "1.50.web1.im.weibo.com", 
    "order.sc.weibo.com", 
    "simg.s.weibo.com", 
    "index.weibo.com", 
    "11.108.web1.im.weibo.com", 
    "nq.dpool.weibo.com", 
    "weiwen.weibo.com", 
    "widget.weibo.com", 
    "10.75.web1.im.weibo.com", 
    "10.79.web1.im.weibo.com", 
    "de.weibo.com", 
    "www10e0.weibo.com", 
    "13.69.web1.im.weibo.com", 
    "service.weibo.com", 
    "event.weibo.com", 
    "gouwu.sc.weibo.com", 
    "api.hk.weibo.com", 
    "11.80.web1.im.weibo.com", 
    "image.storage.weibo.com", 
    "2.37.web1.im.weibo.com", 
    "5a0vdisk.weibo.com", 
    "2758q.weibo.com", 
    "daren.sc.weibo.com", 
    "3.95.web1.im.weibo.com", 
    "mai.dpool.weibo.com", 
    "2.44.web1.im.weibo.com", 
    "darentong.weibo.com", 
    "2.133.web0.im.weibo.com", 
    "14.109.web1.im.weibo.com", 
    "pay.vip.weibo.com", 
    "gov.weibo.com", 
    "12.98.web1.im.weibo.com", 
    "10.64.web1.im.weibo.com", 
    "11.79.web1.im.weibo.com", 
    "2cf8vdisk.weibo.com", 
    "1.51.web1.im.weibo.com", 
    "13.109.web1.im.weibo.com", 
    "10.40.web1.im.weibo.com", 
    "qing.weibo.com", 
    "v6.bang.weibo.com", 
    "11.99.web1.im.weibo.com", 
    "12.113.web1.im.weibo.com", 
    "3.54.web1.im.weibo.com", 
    "13.95.web1.im.weibo.com", 
    "10.71.web1.im.weibo.com", 
    "12.40.web1.im.weibo.com", 
    "2.52.web1.im.weibo.com", 
    "14.71.web1.im.weibo.com", 
    "jp.weibo.com", 
    "tech.weibo.com", 
    "1.74.web1.im.weibo.com", 
    "www.yahoo.tw.weibo.com", 
    "12.93.web1.im.weibo.com", 
    "13.108.web1.im.weibo.com", 
    "vote.weibo.com", 
    "agent.a.weibo.com", 
    "14.69.web1.im.weibo.com", 
    "11.98.web1.im.weibo.com", 
    "1.132.web0.im.weibo.com", 
    "14.67.web1.im.weibo.com", 
    "dhkimg.hk.weibo.com", 
    "11.68.web1.im.weibo.com", 
    "sc.dpool.weibo.com", 
    "sport.vip.weibo.com", 
    "d.weibo.com", 
    "tan.weibo.com", 
    "q1680.weibo.com", 
    "2.38.web1.im.weibo.com", 
    "1.45.web1.im.weibo.com", 
    "gouwu.weibo.com", 
    "0.35.web1.im.weibo.com", 
    "12.110.web1.im.weibo.com", 
    "14.76.web1.im.weibo.com", 
    "13.107.web1.im.weibo.com", 
    "2.46.web1.im.weibo.com", 
    "0.61.web1.im.weibo.com", 
    "11.97.web1.im.weibo.com", 
    "pay.game.weibo.com", 
    "11.69.web1.im.weibo.com", 
    "manhua.weibo.com", 
    "travel.weibo.com", 
    "help.weibo.com", 
    "img.star.weibo.com", 
    "passport.weibo.com", 
    "p.weibo.com", 
    "1.52.web1.im.weibo.com", 
    "13.80.web1.im.weibo.com", 
    "14.65.web1.im.weibo.com", 
    "12.66.web1.im.weibo.com", 
    "fuwu.e.weibo.com", 
    "0.36.web1.im.weibo.com", 
    "10.70.web1.im.weibo.com", 
    "mo.weibo.com", 
    "skin.vip.weibo.com", 
    "1.58.web1.im.weibo.com", 
    "13.76.web1.im.weibo.com", 
    "desktop.weibo.com", 
    "vip.weibo.com", 
    "11.72.web1.im.weibo.com", 
    "1.179.web0.im.weibo.com", 
    "amraudio.im.weibo.com", 
    "3.40.web1.im.weibo.com", 
    "0.129.web0.im.weibo.com", 
    "bp.biz.weibo.com", 
    "2.178.web0.im.weibo.com", 
    "14.104.web1.im.weibo.com", 
    "11.113.web1.im.weibo.com", 
    "hot.weibo.com", 
    "1.23.web1.im.weibo.com", 
    "yahoo.tw.weibo.com", 
    "14.105.web1.im.weibo.com", 
    "e5a0.weibo.com", 
    "0.56.web1.im.weibo.com", 
    "14.72.web1.im.weibo.com", 
    "3.116.web0.im.weibo.com", 
    "14.62.web1.im.weibo.com", 
    "static.weibo.com", 
    "apps.e.weibo.com", 
    "kpop.weibo.com", 
    "0.60.web1.im.weibo.com", 
    "a2.dpool.weibo.com", 
    "top.weibo.com", 
    "i.service.account.weibo.com", 
    "wb40ww.weibo.com", 
    "www.weibo.com", 
    "wan.weibo.com", 
    "hao.weibo.com", 
    "13.99.web1.im.weibo.com", 
    "14.113.web1.im.weibo.com", 
    "0.41.web1.im.weibo.com", 
    "even1c18t.weibo.com", 
    "service.account.weibo.com", 
    "2.60.web1.im.weibo.com", 
    "verified.e.weibo.com", 
    "sg.weibo.com", 
    "hr.zhaopin.weibo.com", 
    "us.weibo.com", 
    "vdun.weibo.com", 
    "huati.weibo.com", 
    "file.api.weibo.com", 
    "2.74.web1.im.weibo.com", 
    "img.manhua.weibo.com", 
    "bar.weibo.com", 
    "s.weibo.com", 
    "10.66.web1.im.weibo.com", 
    "12.94.web1.im.weibo.com", 
    "caipiao.weibo.com", 
    "1.127.web0.im.weibo.com", 
    "qijilanqiu.game.weibo.com", 
    "game.weibo.com", 
    "10.69.web1.im.weibo.com", 
    "14.70.web1.im.weibo.com", 
    "5a0s.weibo.com", 
    "jx.weibo.com", 
    "hycs.game.weibo.com", 
    "3.60.web1.im.weibo.com", 
    "1.96.web1.im.weibo.com", 
    "1.59.web1.im.weibo.com", 
    "3.39.web1.im.weibo.com", 
    "2.43.web1.im.weibo.com", 
    "m.renmai.weibo.com", 
    "ma.dpool.weibo.com", 
    "x.weibo.com", 
    "promote.vip.weibo.com", 
    "xmpp.weibo.com", 
    "13.93.web1.im.weibo.com", 
    "0.50.web1.im.weibo.com", 
    "apps.weibo.com", 
    "e2d00.weibo.com", 
    "im.weibo.com", 
    "10.76.web1.im.weibo.com", 
    "gate.pay.weibo.com", 
    "12.61.web1.im.weibo.com", 
    "www.tbapi.hk.weibo.com", 
    "dasai.manhua.weibo.com", 
    "13.71.web1.im.weibo.com", 
    "dsp.video.weibo.com", 
    "12.103.web1.im.weibo.com", 
    "ting.weibo.com", 
    "11.78.web1.im.weibo.com", 
    "club.weibo.com", 
    "sass.weibo.com", 
    "vdisk2cf8.weibo.com", 
    "v1.book.weibo.com", 
    "card.weibo.com", 
    "1.61.web1.im.weibo.com", 
    "12.75.web1.im.weibo.com", 
    "pro.weibo.com", 
    "10.63.web1.im.weibo.com", 
    "0.25.web1.im.weibo.com", 
    "2.116.web0.im.weibo.com", 
    "bigdata.api.weibo.com", 
    "m.overseas.weibo.com", 
    "city.weibo.com", 
    "14.102.web1.im.weibo.com", 
    "12.105.web1.im.weibo.com", 
    "10.99.web1.im.weibo.com", 
    "0.48.web1.im.weibo.com", 
    "travel2013.weibo.com", 
    "1.33.web1.im.weibo.com", 
    "tbapi.hk.weibo.com", 
    "uk.weibo.com", 
    "0.54.web1.im.weibo.com", 
    "2.33.web1.im.weibo.com", 
    "1.38.web1.im.weibo.com", 
    "14.111.web1.im.weibo.com", 
    "1.75.web1.im.weibo.com", 
    "forum.open.weibo.com", 
    "ev2760ent.weibo.com", 
    "hy.game.weibo.com", 
    "12.63.web1.im.weibo.com", 
    "q.weibo.com", 
    "tui.weibo.com", 
    "13.79.web1.im.weibo.com", 
    "2.132.web0.im.weibo.com", 
    "4.47.web1.im.weibo.com", 
    "10.62.web1.im.weibo.com", 
    "recomment.manhua.weibo.com", 
    "api.c.weibo.com", 
    "0.34.web1.im.weibo.com", 
    "0.23.web1.im.weibo.com", 
    "0.59.web1.im.weibo.com", 
    "plat.cf.weibo.com", 
    "1.48.web1.im.weibo.com", 
    "member.e.weibo.com", 
    "bbs.x.weibo.com", 
    "vgirl.weibo.com", 
    "12.104.web1.im.weibo.com", 
    "14.98.web1.im.weibo.com", 
    "0.95.web1.im.weibo.com", 
    "steve-jobs.weibo.com", 
    "14.100.web1.im.weibo.com", 
    "chang.weibo.com", 
    "12.64.web1.im.weibo.com", 
    "1.35.web1.im.weibo.com", 
    "2.47.web1.im.weibo.com", 
    "corp.weibo.com", 
    "a.dpool.weibo.com", 
    "2.61.web1.im.weibo.com", 
    "10.100.web1.im.weibo.com", 
    "mall.e.weibo.com", 
    "bleachorl.game.weibo.com", 
    "2.55.web1.im.weibo.com", 
    "*.weibo.com", 
    "1.53.web1.im.weibo.com", 
    "op.service.weibo.com", 
    "fang.weibo.com", 
    "gongyi2013.weibo.com", 
    "12.69.web1.im.weibo.com", 
    "11.100.web1.im.weibo.com", 
    "0.26.web1.im.weibo.com", 
    "2.114.web0.im.weibo.com", 
    "ka.weibo.com", 
    "kan.weibo.com", 
    "pay.biz.weibo.com", 
    "shop.sc.weibo.com", 
    "op.servi2d00ce.weibo.com", 
    "hk.weibo.com", 
    "www.zhaopin.weibo.com", 
    "1.43.web1.im.weibo.com", 
    "p.dpool.weibo.com", 
    "1.49.web1.im.weibo.com", 
    "0.132.web0.im.weibo.com", 
    "club.starvip.weibo.com", 
    "14.64.web1.im.weibo.com", 
    "nz.weibo.com", 
    "sa.dpool.weibo.com", 
    "1c20e.weibo.com", 
    "11.114.web1.im.weibo.com", 
    "12.72.web1.im.weibo.com", 
    "11.73.web1.im.weibo.com", 
    "4.95.web1.im.weibo.com", 
    "2.54.web1.im.weibo.com", 
    "9158.7.weibo.com", 
    "13.62.web1.im.weibo.com", 
    "talk.weibo.com", 
    "1.55.web1.im.weibo.com", 
    "13.72.web1.im.weibo.com", 
    "11.76.web1.im.weibo.com", 
    "12.76.web1.im.weibo.com", 
    "nas.im.api.weibo.com", 
    "*.sc.weibo.com", 
    "3.53.web1.im.weibo.com", 
    "2.48.web1.im.weibo.com", 
    "1.39.web1.im.weibo.com", 
    "13.96.web1.im.weibo.com", 
    "sr.show.weibo.com", 
    "account.weibo.com", 
    "14.79.web1.im.weibo.com", 
    "3.56.web1.im.weibo.com", 
    "place.weibo.com", 
    "10.96.web1.im.weibo.com", 
    "feed.service.weibo.com", 
    "mapi.weibo.com", 
    "screen.weibo.com", 
    "14.75.web1.im.weibo.com", 
    "13.74.web1.im.weibo.com", 
    "11.104.web1.im.weibo.com", 
    "11.62.web1.im.weibo.com", 
    "wdjh.game.weibo.com", 
    "tong.c.weibo.com", 
    "e2760.weibo.com", 
    "1.25.web1.im.weibo.com", 
    "0.43.web1.im.weibo.com", 
    "js.zt.tv.weibo.com", 
    "14.112.web1.im.weibo.com", 
    "13.98.web1.im.weibo.com", 
    "14.78.web1.im.weibo.com", 
    "open.book.weibo.com", 
    "2.42.web1.im.weibo.com", 
    "12.70.web1.im.weibo.com", 
    "m.th.weibo.com", 
    "3.55.web1.im.weibo.com", 
    "app.weibo.com", 
    "12.80.web1.im.weibo.com", 
    "11.95.web1.im.weibo.com", 
    "12.107.web1.im.weibo.com", 
    "13.105.web1.im.weibo.com", 
    "earnings.card.weibo.com", 
    "dwxwy.game.weibo.com", 
    "10.104.web1.im.weibo.com", 
    "tv.weibo.com", 
    "1.40.web1.im.weibo.com", 
    "movie.weibo.com", 
    "pop.tw.weibo.com", 
    "3.43.web1.im.weibo.com", 
    "13.111.web1.im.weibo.com", 
    "m.hk.weibo.com", 
    "au.weibo.com", 
    "ketang.weibo.com", 
    "3.132.web0.im.weibo.com", 
    "10.105.web1.im.weibo.com", 
    "huodong.weibo.com", 
    "14.107.web1.im.weibo.com", 
    "pai.weibo.com", 
    "radio.weibo.com", 
    "weibo.com", 
    "3.31.web1.im.weibo.com", 
    "car.weibo.com", 
    "worldcup.weibo.com", 
    "shenyuan.game.weibo.com", 
    "adtool.biz.weibo.com", 
    "14.63.web1.im.weibo.com", 
    "file.hd.weibo.com", 
    "2d00vdisk.weibo.com", 
    "mx.weibo.com", 
    "12.108.web1.im.weibo.com", 
    "ir.weibo.com", 
    "zhibo.weibo.com", 
    "3.44.web1.im.weibo.com", 
    "veri2760fied.weibo.com", 
    "1.31.web1.im.weibo.com", 
    "e5460vent.weibo.com", 
    "letsgo.e.weibo.com", 
    "14.108.web1.im.weibo.com", 
    "2.35.web1.im.weibo.com", 
    "xmxx.game.weibo.com", 
    "3.23.web1.im.weibo.com", 
    "weiba.weibo.com", 
    "vcard.vip.weibo.com", 
    "tb.e.weibo.com", 
    "13.67.web1.im.weibo.com", 
    "0.123.web0.im.weibo.com", 
    "3.49.web1.im.weibo.com", 
    "sec.weibo.com"
]